Line 149: Class WMPLibCtl.WindowsMediaPlayer of control WindowsMediaPlayer3 was not a loaded control class.
Line 182: Class WMPLibCtl.WindowsMediaPlayer of control WindowsMediaPlayer2 was not a loaded control class.
Line 567: Class WMPLibCtl.WindowsMediaPlayer of control WindowsMediaPlayer1 was not a loaded control class.
Line 156: The property name URL in WindowsMediaPlayer3 is invalid.
Line 157: The property name rate in WindowsMediaPlayer3 is invalid.
Line 158: The property name balance in WindowsMediaPlayer3 is invalid.
Line 159: The property name currentPosition in WindowsMediaPlayer3 is invalid.
Line 160: The property name defaultFrame in WindowsMediaPlayer3 is invalid.
Line 161: The property name playCount in WindowsMediaPlayer3 is invalid.
Line 162: The property name autoStart in WindowsMediaPlayer3 is invalid.
Line 163: The property name currentMarker in WindowsMediaPlayer3 is invalid.
Line 164: The property name invokeURLs in WindowsMediaPlayer3 is invalid.
Line 165: The property name baseURL in WindowsMediaPlayer3 is invalid.
Line 166: The property name volume in WindowsMediaPlayer3 is invalid.
Line 167: The property name mute in WindowsMediaPlayer3 is invalid.
Line 168: The property name uiMode in WindowsMediaPlayer3 is invalid.
Line 169: The property name stretchToFit in WindowsMediaPlayer3 is invalid.
Line 170: The property name windowlessVideo in WindowsMediaPlayer3 is invalid.
Line 172: The property name enableContextMenu in WindowsMediaPlayer3 is invalid.
Line 173: The property name fullScreen in WindowsMediaPlayer3 is invalid.
Line 174: The property name SAMIStyle in WindowsMediaPlayer3 is invalid.
Line 175: The property name SAMILang in WindowsMediaPlayer3 is invalid.
Line 176: The property name SAMIFilename in WindowsMediaPlayer3 is invalid.
Line 177: The property name captioningID in WindowsMediaPlayer3 is invalid.
Line 178: The property name enableErrorDialogs in WindowsMediaPlayer3 is invalid.
Line 179: The property name _cx in WindowsMediaPlayer3 is invalid.
Line 180: The property name _cy in WindowsMediaPlayer3 is invalid.
Line 189: The property name URL in WindowsMediaPlayer2 is invalid.
Line 190: The property name rate in WindowsMediaPlayer2 is invalid.
Line 191: The property name balance in WindowsMediaPlayer2 is invalid.
Line 192: The property name currentPosition in WindowsMediaPlayer2 is invalid.
Line 193: The property name defaultFrame in WindowsMediaPlayer2 is invalid.
Line 194: The property name playCount in WindowsMediaPlayer2 is invalid.
Line 195: The property name autoStart in WindowsMediaPlayer2 is invalid.
Line 196: The property name currentMarker in WindowsMediaPlayer2 is invalid.
Line 197: The property name invokeURLs in WindowsMediaPlayer2 is invalid.
Line 198: The property name baseURL in WindowsMediaPlayer2 is invalid.
Line 199: The property name volume in WindowsMediaPlayer2 is invalid.
Line 200: The property name mute in WindowsMediaPlayer2 is invalid.
Line 201: The property name uiMode in WindowsMediaPlayer2 is invalid.
Line 202: The property name stretchToFit in WindowsMediaPlayer2 is invalid.
Line 203: The property name windowlessVideo in WindowsMediaPlayer2 is invalid.
Line 205: The property name enableContextMenu in WindowsMediaPlayer2 is invalid.
Line 206: The property name fullScreen in WindowsMediaPlayer2 is invalid.
Line 207: The property name SAMIStyle in WindowsMediaPlayer2 is invalid.
Line 208: The property name SAMILang in WindowsMediaPlayer2 is invalid.
Line 209: The property name SAMIFilename in WindowsMediaPlayer2 is invalid.
Line 210: The property name captioningID in WindowsMediaPlayer2 is invalid.
Line 211: The property name enableErrorDialogs in WindowsMediaPlayer2 is invalid.
Line 212: The property name _cx in WindowsMediaPlayer2 is invalid.
Line 213: The property name _cy in WindowsMediaPlayer2 is invalid.
Line 574: The property name URL in WindowsMediaPlayer1 is invalid.
Line 575: The property name rate in WindowsMediaPlayer1 is invalid.
Line 576: The property name balance in WindowsMediaPlayer1 is invalid.
Line 577: The property name currentPosition in WindowsMediaPlayer1 is invalid.
Line 578: The property name defaultFrame in WindowsMediaPlayer1 is invalid.
Line 579: The property name playCount in WindowsMediaPlayer1 is invalid.
Line 580: The property name autoStart in WindowsMediaPlayer1 is invalid.
Line 581: The property name currentMarker in WindowsMediaPlayer1 is invalid.
Line 582: The property name invokeURLs in WindowsMediaPlayer1 is invalid.
Line 583: The property name baseURL in WindowsMediaPlayer1 is invalid.
Line 584: The property name volume in WindowsMediaPlayer1 is invalid.
Line 585: The property name mute in WindowsMediaPlayer1 is invalid.
Line 586: The property name uiMode in WindowsMediaPlayer1 is invalid.
Line 587: The property name stretchToFit in WindowsMediaPlayer1 is invalid.
Line 588: The property name windowlessVideo in WindowsMediaPlayer1 is invalid.
Line 590: The property name enableContextMenu in WindowsMediaPlayer1 is invalid.
Line 591: The property name fullScreen in WindowsMediaPlayer1 is invalid.
Line 592: The property name SAMIStyle in WindowsMediaPlayer1 is invalid.
Line 593: The property name SAMILang in WindowsMediaPlayer1 is invalid.
Line 594: The property name SAMIFilename in WindowsMediaPlayer1 is invalid.
Line 595: The property name captioningID in WindowsMediaPlayer1 is invalid.
Line 596: The property name enableErrorDialogs in WindowsMediaPlayer1 is invalid.
Line 597: The property name _cx in WindowsMediaPlayer1 is invalid.
Line 598: The property name _cy in WindowsMediaPlayer1 is invalid.
